<MercatorMapAudit StartTime="16:27:07 April 14, 2015">

<Platform>Mercator RUN Function for Windows - Version 6.7(306)</Platform>

<Burst count="1">

<DataLog></DataLog>

</Burst>

<ExecutionSummary MapStatus="Valid" mapreturn="0" ElapsedSec="0.0278" BurstRestartCount="0">
   <Message>Map completed successfully</Message>
   <CommandLine>'P:\Starcom\Starcom EDI maps\EDI Enterprise maps\Walmart\WalmartPPS852.mmc' -IE1S1409 %lt;data%gt; -aed -of2 .\WM852\20120101_852000441_WM852.xml -ti</CommandLine>
   <ObjectsFound>18805</ObjectsFound>
   <ObjectsBuilt>0</ObjectsBuilt>

<SourceReport   card="1"   adapter="Echo"   bytes="1409"   adapterreturn="0">
   <Message>Data retrieved successfully</Message>
   <TimeStamp>16:27:07 April 14, 2015</TimeStamp>
</SourceReport>

<TargetReport   card="1"   adapter="File"   bytes="1924"   adapterreturn="0">
   <Message>Data written successfully</Message>
   <Settings>P:\Starcom\Starcom EDI maps\EDI Enterprise maps\Walmart\PPSWork.out</Settings>
   <TimeStamp>16:27:07 April 14, 2015</TimeStamp>
</TargetReport>

<TargetReport   card="2"   adapter="File"   bytes="15540"   adapterreturn="0">
   <Message>Data written successfully</Message>
   <Settings>P:\Starcom\Starcom EDI maps\EDI Enterprise maps\Walmart\.\WM852\20120101_852000441_WM852.xml</Settings>
   <TimeStamp>16:27:07 April 14, 2015</TimeStamp>
</TargetReport>

<WorkArea type="File">
<inputarea  card="1"   Path="P:\Starcom\Starcom EDI maps\EDI Enterprise maps\Walmart\WalmartPPS852.I01" TimeStamp="16:27:07 April 14, 2015" bytes="79951"/>
<outputarea card="1"   Path="P:\Starcom\Starcom EDI maps\EDI Enterprise maps\Walmart\WalmartPPS852.O01" TimeStamp="16:27:07 April 14, 2015" bytes="65536"/>
<outputarea card="2"   Path="P:\Starcom\Starcom EDI maps\EDI Enterprise maps\Walmart\WalmartPPS852.O02" TimeStamp="16:27:07 April 14, 2015" bytes="65536"/>
</WorkArea>

</ExecutionSummary>

</MercatorMapAudit>
