<MercatorMapAudit StartTime="22:16:17 March 2, 2016">

<Platform>Mercator RUN Function for Windows - Version 6.7(306)</Platform>

<Burst count="1">

<DataLog></DataLog>

</Burst>

<ExecutionSummary MapStatus="Valid" mapreturn="0" ElapsedSec="0.2844" BurstRestartCount="0">
   <Message>Map completed successfully</Message>
   <CommandLine>'C:\Starcom\Starcom EDI maps\EDI Enterprise maps\HomeDepot\HD82046.mmc' -IE1S18970 %lt;data%gt; -aed -of1 .\HD820\20140901_1784_HD820.xml -ti</CommandLine>

<SourceReport   card="1"   adapter="Echo"   bytes="18970"   adapterreturn="0">
   <Message>Data retrieved successfully</Message>
   <TimeStamp>22:16:17 March 2, 2016</TimeStamp>
</SourceReport>

<TargetReport   card="1"   adapter="File"   bytes="138614"   adapterreturn="0">
   <Message>Data written successfully</Message>
   <Settings>C:\Starcom\Starcom EDI maps\EDI Enterprise maps\HomeDepot\.\HD820\20140901_1784_HD820.xml</Settings>
   <TimeStamp>22:16:17 March 2, 2016</TimeStamp>
</TargetReport>

<WorkArea type="File">
<inputarea  card="1"   Path="C:\Starcom\Starcom EDI maps\EDI Enterprise maps\HomeDepot\HD82046.I01" TimeStamp="22:16:17 March 2, 2016" bytes="230166"/>
</WorkArea>

</ExecutionSummary>

</MercatorMapAudit>
