<MercatorMapAudit StartTime="22:17:43 March 2, 2016">

<Platform>Mercator RUN Function for Windows - Version 6.7(306)</Platform>

<Burst count="1">

<DataLog></DataLog>

</Burst>

<ExecutionSummary MapStatus="Valid" mapreturn="0" ElapsedSec="0.2109" BurstRestartCount="0">
   <Message>Map completed successfully</Message>
   <CommandLine>'C:\Starcom\Starcom EDI maps\EDI Enterprise maps\HomeDepot\HDCredit.mmc' -IE1S15929 %lt;data%gt; -aed -of1 .\HD812\20110526_5951_HD812.xml -ti</CommandLine>

<SourceReport   card="1"   adapter="Echo"   bytes="15929"   adapterreturn="0">
   <Message>Data retrieved successfully</Message>
   <TimeStamp>22:17:43 March 2, 2016</TimeStamp>
</SourceReport>

<TargetReport   card="1"   adapter="File"   bytes="49166"   adapterreturn="0">
   <Message>Data written successfully</Message>
   <Settings>C:\Starcom\Starcom EDI maps\EDI Enterprise maps\HomeDepot\.\HD812\20110526_5951_HD812.xml</Settings>
   <TimeStamp>22:17:43 March 2, 2016</TimeStamp>
</TargetReport>

<WorkArea type="File">
<inputarea  card="1"   Path="C:\Starcom\Starcom EDI maps\EDI Enterprise maps\HomeDepot\HDCredit.I01" TimeStamp="22:17:43 March 2, 2016" bytes="164819"/>
<outputarea card="1"   Path="C:\Starcom\Starcom EDI maps\EDI Enterprise maps\HomeDepot\HDCredit.O01" TimeStamp="22:17:43 March 2, 2016" bytes="131072"/>
</WorkArea>

</ExecutionSummary>

</MercatorMapAudit>
