<MercatorMapAudit StartTime="08:16:55 April 5, 2016">

<Platform>Mercator RUN Function for Windows - Version 6.7(306)</Platform>

<Burst count="1">

<DataLog></DataLog>

</Burst>

<ExecutionSummary MapStatus="Valid" mapreturn="0" ElapsedSec="0.0938" BurstRestartCount="0">
   <Message>Map completed successfully</Message>
   <CommandLine>'P:\Starcom\Starcom EDI maps\EDI Enterprise maps\HomeDepot\HD_820\HD82046.mmc' -IE1S12205 %lt;data%gt; -aed -of1 20160330_HD82046.xml -ti</CommandLine>
   <ObjectsFound>5702</ObjectsFound>
   <ObjectsBuilt>0</ObjectsBuilt>

<SourceReport   card="1"   adapter="Echo"   bytes="12205"   adapterreturn="0">
   <Message>Data retrieved successfully</Message>
   <TimeStamp>08:16:55 April 5, 2016</TimeStamp>
</SourceReport>

<TargetReport   card="1"   adapter="File"   bytes="91853"   adapterreturn="0">
   <Message>Data written successfully</Message>
   <Settings>P:\Starcom\Starcom EDI maps\EDI Enterprise maps\HomeDepot\HD_820\20160330_HD82046.xml</Settings>
   <TimeStamp>08:16:55 April 5, 2016</TimeStamp>
</TargetReport>

<WorkArea type="File">
<inputarea  card="1"   Path="P:\Starcom\Starcom EDI maps\EDI Enterprise maps\HomeDepot\HD_820\HD82046.I01" TimeStamp="08:16:55 April 5, 2016" bytes="164630"/>
</WorkArea>

</ExecutionSummary>

</MercatorMapAudit>
