0078742003429|2803121225|193101|550067383|0078742003429|60|2803121225|735946003951|6.8
|550067384|0078742003429|40|2803121225|735946003968|6.8
|005662820|0078742003429|12|2803121225|735946040468|10.05
|005662760|0078742003429|24|2803121225|735946040451|10.05
|005660672|0078742003429|24|2803121225|735946003128|10.05
|005674504|0078742003429|126|2803121225|735946121655|3.25
|550377161|0078742003429|42|2803121225|735946004828|3.25
|550376900|0078742003429|42|2803121225|735946003258|3
|550041289|0078742003429|72|2803121225|735946101480|3.4
|005669201|0078742003429|220|2803121225|735946350543|1.1
|550041292|0078742003429|550|2803121225|735946305352|.75
|005675421|0078742003429|216|2803121225|735946300050|1.08
|005675479|0078742003429|216|2803121225|735946300111|1.08
|005661929|0078742003429|192|2803121225|735946300944|1.45
|005662089|0078742003429|64|2803121225|735946301019|1.45
|005674487|0078742003429|192|2803121225|735946300746|1.45

0078742005829|2803121225|193102|005662504|0078742005829|40|2803121225|735946330033|6.8
|005662760|0078742005829|12|2803121225|735946040451|10.05
|005660672|0078742005829|24|2803121225|735946003128|10.05
|005687710|0078742005829|84|2803121225|735946032234|3
|005674376|0078742005829|84|2803121225|735946121761|3.25
|005662242|0078742005829|42|2803121225|735946122041|3.25
|005606519|0078742005829|84|2803121225|735946121617|3
|005606526|0078742005829|84|2803121225|735946121624|3
|550041289|0078742005829|216|2803121225|735946101480|3.4
|005669171|0078742005829|220|2803121225|735946350499|1.1
|550041292|0078742005829|550|2803121225|735946305352|.75
|005662007|0078742005829|30|2803121225|735946100308|5.75
|005675404|0078742005829|144|2803121225|735946300029|1.08
|550041296|0078742005829|360|2803121225|735946300005|1.08
|005675486|0078742005829|144|2803121225|735946300128|1.08

0078742007533|2803121225|193103|550041289|0078742007533|216|2803121225|735946101480|3.4
|005669171|0078742007533|110|2803121225|735946350499|1.1
|005669201|0078742007533|110|2803121225|735946350543|1.1
|550041292|0078742007533|550|2803121225|735946305352|.75

0078742007557|2803121225|193104|005662504|0078742007557|60|2803121225|735946330033|6.8
|005662564|0078742007557|40|2803121225|735946011628|6.8
|550018712|0078742007557|16|2803121225|735946003890|6.5
|550018711|0078742007557|16|2803121225|735946003876|6.5
|005639146|0078742007557|16|2803121225|735946002961|6.5
|550041289|0078742007557|216|2803121225|735946101480|3.4
|550041292|0078742007557|770|2803121225|735946305352|.75

0078742008691|2803121225|193105|005662760|0078742008691|24|2803121225|735946040451|10.05
|005660672|0078742008691|24|2803121225|735946003128|10.05
|005651349|0078742008691|12|2803121225|735946031749|10.05
|550041289|0078742008691|216|2803121225|735946101480|3.4
|005661929|0078742008691|192|2803121225|735946300944|1.45
|005662089|0078742008691|64|2803121225|735946301019|1.45
|005674487|0078742008691|192|2803121225|735946300746|1.45

0078742012957|2803121225|193106|005662504|0078742012957|40|2803121225|735946330033|6.8
|005662556|0078742012957|60|2803121225|735946011581|6.8
|550041289|0078742012957|216|2803121225|735946101480|3.4
|005669186|0078742012957|110|2803121225|735946350536|1.1
|005669171|0078742012957|110|2803121225|735946350499|1.1
|005669201|0078742012957|110|2803121225|735946350543|1.1
|550041292|0078742012957|440|2803121225|735946305352|.75

0078742014272|2803121225|193107|005662504|0078742014272|60|2803121225|735946330033|6.8
|005662556|0078742014272|40|2803121225|735946011581|6.8
|550018712|0078742014272|16|2803121225|735946003890|6.5
|005639105|0078742014272|16|2803121225|735946003029|6.5
|005639088|0078742014272|16|2803121225|735946003043|6.5
|005662760|0078742014272|24|2803121225|735946040451|10.05
|005660672|0078742014272|24|2803121225|735946003128|10.05
|005651349|0078742014272|12|2803121225|735946031749|10.05
|005687710|0078742014272|42|2803121225|735946032234|3
|005674504|0078742014272|84|2803121225|735946121655|3.25
|550041289|0078742014272|72|2803121225|735946101480|3.4
|550041292|0078742014272|770|2803121225|735946305352|.75
|005661978|0078742014272|30|2803121225|735946100292|5.75
|005662007|0078742014272|30|2803121225|735946100308|5.75
|005675404|0078742014272|216|2803121225|735946300029|1.08
|005675479|0078742014272|216|2803121225|735946300111|1.08

0078742017303|2803121225|193108|550067383|0078742017303|40|2803121225|735946003951|6.8
|005662504|0078742017303|60|2803121225|735946330033|6.8
|005638870|0078742017303|36|2803121225|735946002145|6.8
|550067359|0078742017303|28|2803121225|735946004095|6
|005662820|0078742017303|12|2803121225|735946040468|10.05
|005662760|0078742017303|12|2803121225|735946040451|10.05
|005660672|0078742017303|36|2803121225|735946003128|10.05
|005606519|0078742017303|126|2803121225|735946121617|3
|550377161|0078742017303|84|2803121225|735946004828|3.25
|550041289|0078742017303|192|2803121225|735946101480|3.4
|550041292|0078742017303|770|2803121225|735946305352|.75
|005661978|0078742017303|60|2803121225|735946100292|5.75
|005662007|0078742017303|90|2803121225|735946100308|5.75
|005675516|0078742017303|22|2803121225|735946000257|3.8
|005675412|0078742017303|360|2803121225|735946300036|1.08
|005675437|0078742017303|288|2803121225|735946300074|1.08
|005675451|0078742017303|360|2803121225|735946300098|1.08
|005675479|0078742017303|288|2803121225|735946300111|1.08

0078742019291|2803121225|193109|550067383|0078742019291|60|2803121225|735946003951|6.8
|005662504|0078742019291|40|2803121225|735946330033|6.8
|005662556|0078742019291|40|2803121225|735946011581|6.8
|550067384|0078742019291|40|2803121225|735946003968|6.8
|550018712|0078742019291|16|2803121225|735946003890|6.5
|005639105|0078742019291|16|2803121225|735946003029|6.5
|005639097|0078742019291|16|2803121225|735946003036|6.5
|005660672|0078742019291|12|2803121225|735946003128|10.05
|550041289|0078742019291|216|2803121225|735946101480|3.4
|550041292|0078742019291|770|2803121225|735946305352|.75
|005675421|0078742019291|144|2803121225|735946300050|1.08
|005675451|0078742019291|360|2803121225|735946300098|1.08
|005675486|0078742019291|144|2803121225|735946300128|1.08
|005638927|0078742019291|64|2803121225|735946002343|1.25
|005639025|0078742019291|64|2803121225|735946002893|1.25
|005638906|0078742019291|64|2803121225|735946002374|1.25
|005662089|0078742019291|64|2803121225|735946301019|1.45
|005674487|0078742019291|192|2803121225|735946300746|1.45

0078742026336|2803121225|193110|550067383|0078742026336|60|2803121225|735946003951|6.8
|005660672|0078742026336|24|2803121225|735946003128|10.05
|005692234|0078742026336|84|2803121225|735946032111|3
|005674376|0078742026336|84|2803121225|735946121761|3.25
|005674504|0078742026336|84|2803121225|735946121655|3.25
|005662242|0078742026336|84|2803121225|735946122041|3.25
|005606519|0078742026336|84|2803121225|735946121617|3
|550041289|0078742026336|144|2803121225|735946101480|3.4
|005669162|0078742026336|220|2803121225|735946350451|1.1
|005669186|0078742026336|110|2803121225|735946350536|1.1
|005669171|0078742026336|220|2803121225|735946350499|1.1
|005669201|0078742026336|220|2803121225|735946350543|1.1
|550041292|0078742026336|770|2803121225|735946305352|.75
|005675479|0078742026336|216|2803121225|735946300111|1.08

0078742056661|2803121225|193111|005662820|0078742056661|12|2803121225|735946040468|10.05
|005662760|0078742056661|24|2803121225|735946040451|10.05
|005660672|0078742056661|24|2803121225|735946003128|10.05
|550041289|0078742056661|96|2803121225|735946101480|3.4
|005669171|0078742056661|220|2803121225|735946350499|1.1
|005669201|0078742056661|110|2803121225|735946350543|1.1
|550041292|0078742056661|440|2803121225|735946305352|.75
|005675404|0078742056661|144|2803121225|735946300029|1.08
|550041296|0078742056661|216|2803121225|735946300005|1.08

0078742063362|2803121225|193112|550067383|0078742063362|40|2803121225|735946003951|6.8
|005662556|0078742063362|40|2803121225|735946011581|6.8
|005662760|0078742063362|12|2803121225|735946040451|10.05
|550377161|0078742063362|42|2803121225|735946004828|3.25
|005606526|0078742063362|84|2803121225|735946121624|3
|550376900|0078742063362|42|2803121225|735946003258|3
|005662395|0078742063362|42|2803121225|735946122065|3.25
|550041289|0078742063362|216|2803121225|735946101480|3.4
|005669201|0078742063362|110|2803121225|735946350543|1.1
|550041292|0078742063362|440|2803121225|735946305352|.75
|005679457|0078742063362|128|2803121225|735946003333|2.1

0078742007328|2803121225|193113|550377161|0078742007328|42|2803121225|735946004828|3.25
|005606526|0078742007328|84|2803121225|735946121624|3
|550376900|0078742007328|42|2803121225|735946003258|3
|005669186|0078742007328|110|2803121225|735946350536|1.1
|005669171|0078742007328|220|2803121225|735946350499|1.1
|550041292|0078742007328|440|2803121225|735946305352|.75
|005662007|0078742007328|30|2803121225|735946100308|5.75
|005675404|0078742007328|144|2803121225|735946300029|1.08
|550041296|0078742007328|360|2803121225|735946300005|1.08
|005675486|0078742007328|144|2803121225|735946300128|1.08
|005639169|0078742007328|330|2803121225|735946003104|.8
|005674487|0078742007328|256|2803121225|735946300746|1.45

0078742008622|2803121225|193114|005662504|0078742008622|40|2803121225|735946330033|6.8
|005638870|0078742008622|24|2803121225|735946002145|6.8
|550067359|0078742008622|28|2803121225|735946004095|6
|005662760|0078742008622|12|2803121225|735946040451|10.05
|005660672|0078742008622|24|2803121225|735946003128|10.05
|005638878|0078742008622|42|2803121225|735946002176|3.25
|005669162|0078742008622|220|2803121225|735946350451|1.1
|005669201|0078742008622|110|2803121225|735946350543|1.1
|550041292|0078742008622|440|2803121225|735946305352|.75
|005675451|0078742008622|288|2803121225|735946300098|1.08
|550041296|0078742008622|360|2803121225|735946300005|1.08

0078742014586|2803121225|193115|005639146|0078742014586|16|2803121225|735946002961|6.5
|005639041|0078742014586|16|2803121225|735946002954|6.5
|005638878|0078742014586|42|2803121225|735946002176|3.25
|005669162|0078742014586|110|2803121225|735946350451|1.1
|005669171|0078742014586|110|2803121225|735946350499|1.1
|005669201|0078742014586|110|2803121225|735946350543|1.1
|550041292|0078742014586|440|2803121225|735946305352|.75
|005675451|0078742014586|288|2803121225|735946300098|1.08
|550041296|0078742014586|360|2803121225|735946300005|1.08

0078742016047|2803121225|193116|005662504|0078742016047|40|2803121225|735946330033|6.8
|005662556|0078742016047|40|2803121225|735946011581|6.8
|005662564|0078742016047|20|2803121225|735946011628|6.8
|005669186|0078742016047|110|2803121225|735946350536|1.1
|005669201|0078742016047|220|2803121225|735946350543|1.1
|550041292|0078742016047|440|2803121225|735946305352|.75

0078742016894|2803121225|193117|005674376|0078742016894|42|2803121225|735946121761|3.25
|005606526|0078742016894|84|2803121225|735946121624|3
|550376900|0078742016894|42|2803121225|735946003258|3
|005669186|0078742016894|110|2803121225|735946350536|1.1
|005669171|0078742016894|220|2803121225|735946350499|1.1
|550041292|0078742016894|440|2803121225|735946305352|.75
|005662007|0078742016894|30|2803121225|735946100308|5.75

0078742019086|2803121225|193118|005662504|0078742019086|60|2803121225|735946330033|6.8
|005662564|0078742019086|60|2803121225|735946011628|6.8
|005662760|0078742019086|24|2803121225|735946040451|10.05
|005660672|0078742019086|24|2803121225|735946003128|10.05
|550041292|0078742019086|770|2803121225|735946305352|.75
|005675404|0078742019086|216|2803121225|735946300029|1.08
|550041296|0078742019086|216|2803121225|735946300005|1.08
|005675479|0078742019086|216|2803121225|735946300111|1.08

0078742032948|2803121225|193119|550041292|0078742032948|770|2803121225|735946305352|.75
|005675412|0078742032948|360|2803121225|735946300036|1.08
|005675479|0078742032948|288|2803121225|735946300111|1.08

0078742054759|2803121225|193120|005662820|0078742054759|12|2803121225|735946040468|10.05
|550067889|0078742054759|12|2803121225|735946004446|10.05
|005660672|0078742054759|12|2803121225|735946003128|10.05
|005651349|0078742054759|24|2803121225|735946031749|10.05
|005674376|0078742054759|42|2803121225|735946121761|3.25
|005674504|0078742054759|84|2803121225|735946121655|3.25
|005662242|0078742054759|42|2803121225|735946122041|3.25
|005606519|0078742054759|42|2803121225|735946121617|3
|005669186|0078742054759|110|2803121225|735946350536|1.1
|005669201|0078742054759|220|2803121225|735946350543|1.1
|550041292|0078742054759|440|2803121225|735946305352|.75

0078742042671|2803121225|193121|550067383|0078742042671|40|2803121225|735946003951|6.8
|005687206|0078742042671|20|2803121225|735946011574|6.8
|005662504|0078742042671|40|2803121225|735946330033|6.8
|550041292|0078742042671|770|2803121225|735946305352|.75
|005661986|0078742042671|128|2803121225|735946300975|1.45
|005662089|0078742042671|128|2803121225|735946301019|1.45
|005674487|0078742042671|192|2803121225|735946300746|1.45

0078742051857|2803121225|193122|550067383|0078742051857|40|2803121225|735946003951|6.8
|005662504|0078742051857|40|2803121225|735946330033|6.8
|005662556|0078742051857|40|2803121225|735946011581|6.8
|005662564|0078742051857|20|2803121225|735946011628|6.8
|550067384|0078742051857|60|2803121225|735946003968|6.8
|005638870|0078742051857|24|2803121225|735946002145|6.8
|005662760|0078742051857|12|2803121225|735946040451|10.05
|005660672|0078742051857|24|2803121225|735946003128|10.05
|550041292|0078742051857|770|2803121225|735946305352|.75
|005639169|0078742051857|220|2803121225|735946003104|.8
|005638941|0078742051857|64|2803121225|735946002329|1.25
|005638927|0078742051857|64|2803121225|735946002343|1.25
|005639025|0078742051857|64|2803121225|735946002893|1.25
|005638906|0078742051857|128|2803121225|735946002374|1.25

0078742007694|2803121225|193123|005638870|0078742007694|24|2803121225|735946002145|6.8
|005662820|0078742007694|12|2803121225|735946040468|10.05
|005662760|0078742007694|12|2803121225|735946040451|10.05
|005674504|0078742007694|84|2803121225|735946121655|3.25
|005606519|0078742007694|84|2803121225|735946121617|3
|005638878|0078742007694|42|2803121225|735946002176|3.25
|550376900|0078742007694|42|2803121225|735946003258|3
|005669162|0078742007694|220|2803121225|735946350451|1.1
|005669186|0078742007694|220|2803121225|735946350536|1.1
|005669171|0078742007694|220|2803121225|735946350499|1.1
|005669201|0078742007694|110|2803121225|735946350543|1.1

0078742026831|2803121225|193124|005662760|0078742026831|12|2803121225|735946040451|10.05
|005660672|0078742026831|24|2803121225|735946003128|10.05
|005651349|0078742026831|24|2803121225|735946031749|10.05
|005675404|0078742026831|288|2803121225|735946300029|1.08
|005675412|0078742026831|288|2803121225|735946300036|1.08
|550041296|0078742026831|360|2803121225|735946300005|1.08
|005675479|0078742026831|360|2803121225|735946300111|1.08
|005661929|0078742026831|192|2803121225|735946300944|1.45
|005674487|0078742026831|256|2803121225|735946300746|1.45

0078742047225|2803121225|193125|005662504|0078742047225|100|2803121225|735946330033|6.8
|005662820|0078742047225|12|2803121225|735946040468|10.05
|005662760|0078742047225|24|2803121225|735946040451|10.05
|005660672|0078742047225|24|2803121225|735946003128|10.05
|005687710|0078742047225|42|2803121225|735946032234|3
|550376900|0078742047225|84|2803121225|735946003258|3
|005661978|0078742047225|60|2803121225|735946100292|5.75
|005675404|0078742047225|216|2803121225|735946300029|1.08
|005675412|0078742047225|360|2803121225|735946300036|1.08
|005675421|0078742047225|216|2803121225|735946300050|1.08
|005675479|0078742047225|288|2803121225|735946300111|1.08
|005675486|0078742047225|216|2803121225|735946300128|1.08

0078742008639|2803121225|193126|550067383|0078742008639|40|2803121225|735946003951|6.8
|005687206|0078742008639|40|2803121225|735946011574|6.8
|005639065|0078742008639|16|2803121225|735946003074|6.5
|550067889|0078742008639|12|2803121225|735946004446|10.05
|005639146|0078742008639|16|2803121225|735946002961|6.5
|005639041|0078742008639|16|2803121225|735946002954|6.5

0078742016382|2803121225|193127|550067383|0078742016382|40|2803121225|735946003951|6.8
|005662504|0078742016382|100|2803121225|735946330033|6.8
|005662556|0078742016382|60|2803121225|735946011581|6.8
|550067384|0078742016382|60|2803121225|735946003968|6.8
|005662820|0078742016382|12|2803121225|735946040468|10.05
|005662760|0078742016382|24|2803121225|735946040451|10.05
|550067889|0078742016382|24|2803121225|735946004446|10.05
|005660672|0078742016382|24|2803121225|735946003128|10.05
|005661929|0078742016382|192|2803121225|735946300944|1.45
|005674487|0078742016382|256|2803121225|735946300746|1.45

0078742016504|2803121225|193128|005687206|0078742016504|40|2803121225|735946011574|6.8
|005662504|0078742016504|60|2803121225|735946330033|6.8
|005662556|0078742016504|40|2803121225|735946011581|6.8
|005662542|0078742016504|20|2803121225|735946011567|6.8
|005660672|0078742016504|12|2803121225|735946003128|10.05
|005651349|0078742016504|12|2803121225|735946031749|10.05

0078742012131|2803121225|193129|005687206|0078742012131|40|2803121225|735946011574|6.8
|005662504|0078742012131|40|2803121225|735946330033|6.8
|005662556|0078742012131|40|2803121225|735946011581|6.8
|005662820|0078742012131|12|2803121225|735946040468|10.05
|005662760|0078742012131|12|2803121225|735946040451|10.05
|005660672|0078742012131|24|2803121225|735946003128|10.05
|005690807|0078742012131|84|2803121225|735946003784|3
|005674376|0078742012131|84|2803121225|735946121761|3.25
|005674504|0078742012131|84|2803121225|735946121655|3.25
|550377161|0078742012131|42|2803121225|735946004828|3.25
|550376900|0078742012131|42|2803121225|735946003258|3
|005661978|0078742012131|30|2803121225|735946100292|5.75
|005662007|0078742012131|30|2803121225|735946100308|5.75

0078742007762|2803121225|193130|005662504|0078742007762|40|2803121225|735946330033|6.8
|005662556|0078742007762|40|2803121225|735946011581|6.8
|005662564|0078742007762|20|2803121225|735946011628|6.8
|005692234|0078742007762|42|2803121225|735946032111|3
|005690807|0078742007762|84|2803121225|735946003784|3
|005674376|0078742007762|42|2803121225|735946121761|3.25
|005674504|0078742007762|84|2803121225|735946121655|3.25
|005692167|0078742007762|84|2803121225|735946032104|3
|005662395|0078742007762|84|2803121225|735946122065|3.25

0078742025872|2803121225|193131|005662504|0078742025872|60|2803121225|735946330033|6.8
|005662564|0078742025872|40|2803121225|735946011628|6.8
|005692181|0078742025872|42|2803121225|735946032043|3
|005674504|0078742025872|84|2803121225|735946121655|3.25
|005662242|0078742025872|42|2803121225|735946122041|3.25
|005606519|0078742025872|84|2803121225|735946121617|3
|550376900|0078742025872|42|2803121225|735946003258|3
|005661978|0078742025872|30|2803121225|735946100292|5.75
|005662007|0078742025872|60|2803121225|735946100308|5.75

0078742061092|2803121225|193132|005662504|0078742061092|40|2803121225|735946330033|6.8
|005662556|0078742061092|60|2803121225|735946011581|6.8
|005662564|0078742061092|20|2803121225|735946011628|6.8
|005639112|0078742061092|16|2803121225|735946003012|6.5
|005639065|0078742061092|16|2803121225|735946003074|6.5
|005662820|0078742061092|12|2803121225|735946040468|10.05
|005662760|0078742061092|12|2803121225|735946040451|10.05
|550067889|0078742061092|12|2803121225|735946004446|10.05
|005660672|0078742061092|12|2803121225|735946003128|10.05
|005639032|0078742061092|16|2803121225|735946002947|6.5

0078742041247|2803121225|193133|005662820|0078742041247|12|2803121225|735946040468|10.05
|005662760|0078742041247|24|2803121225|735946040451|10.05
|005660672|0078742041247|24|2803121225|735946003128|10.05
|005638941|0078742041247|64|2803121225|735946002329|1.25
|005638934|0078742041247|64|2803121225|735946002336|1.25
|005638927|0078742041247|64|2803121225|735946002343|1.25
|005639025|0078742041247|128|2803121225|735946002893|1.25
|005638906|0078742041247|128|2803121225|735946002374|1.25

0078742016870|2803121225|193134|005638870|0078742016870|24|2803121225|735946002145|6.8
|005639112|0078742016870|16|2803121225|735946003012|6.5
|005639065|0078742016870|16|2803121225|735946003074|6.5
|005662820|0078742016870|12|2803121225|735946040468|10.05
|005660672|0078742016870|24|2803121225|735946003128|10.05
|005639146|0078742016870|16|2803121225|735946002961|6.5

0078742049717|2803121225|193135|005692234|0078742049717|42|2803121225|735946032111|3
|005690807|0078742049717|84|2803121225|735946003784|3
|005674504|0078742049717|126|2803121225|735946121655|3.25
|005606526|0078742049717|84|2803121225|735946121624|3
|005692167|0078742049717|84|2803121225|735946032104|3
|005661929|0078742049717|192|2803121225|735946300944|1.45
|005674487|0078742049717|256|2803121225|735946300746|1.45

0078742027470|2803121225|193136|005606446|0078742027470|42|2803121225|735946121518|3
|005606519|0078742027470|84|2803121225|735946121617|3
|005606526|0078742027470|42|2803121225|735946121624|3
|550376900|0078742027470|42|2803121225|735946003258|3
|005661929|0078742027470|64|2803121225|735946300944|1.45
|005661986|0078742027470|128|2803121225|735946300975|1.45
|005662089|0078742027470|64|2803121225|735946301019|1.45
|005674487|0078742027470|192|2803121225|735946300746|1.45

0078742026220|2803121225|193137|005638870|0078742026220|12|2803121225|735946002145|6.8
|005639112|0078742026220|16|2803121225|735946003012|6.5
|005639088|0078742026220|16|2803121225|735946003043|6.5
|005661986|0078742026220|192|2803121225|735946300975|1.45
|005674487|0078742026220|256|2803121225|735946300746|1.45

